D:\KINECT\摄像头显示DEMO\WIN32PROJECT2\DEBUG\LOADGRAPHINGE.OBJ
D:\KINECT\摄像头显示DEMO\WIN32PROJECT2\DEBUG\SAMPLECGB.OBJ
D:\KINECT\摄像头显示DEMO\WIN32PROJECT2\DEBUG\源.OBJ
D:\KINECT\摄像头显示DEMO\WIN32PROJECT2\DEBUG\VC110.PDB
D:\KINECT\摄像头显示DEMO\WIN32PROJECT2\DEBUG\GRAPHUTIL.OBJ
D:\Kinect\摄像头显示demo\Win32Project2\Debug\GraphUtil.obj
D:\Kinect\摄像头显示demo\Win32Project2\Debug\LoadGraphInGE.obj
D:\Kinect\摄像头显示demo\Win32Project2\Debug\SampleCGB.obj
D:\Kinect\摄像头显示demo\Win32Project2\Debug\源.obj
D:\Kinect\摄像头显示demo\Win32Project2\Debug\cl.command.1.tlog
D:\Kinect\摄像头显示demo\Win32Project2\Debug\CL.read.1.tlog
D:\Kinect\摄像头显示demo\Win32Project2\Debug\CL.write.1.tlog
D:\Kinect\摄像头显示demo\Win32Project2\Debug\link-cvtres.read.1.tlog
D:\Kinect\摄像头显示demo\Win32Project2\Debug\link-cvtres.write.1.tlog
D:\Kinect\摄像头显示demo\Win32Project2\Debug\link-rc.read.1.tlog
D:\Kinect\摄像头显示demo\Win32Project2\Debug\link-rc.write.1.tlog
D:\Kinect\摄像头显示demo\Win32Project2\Debug\link.5804-cvtres.read.1.tlog
D:\Kinect\摄像头显示demo\Win32Project2\Debug\link.5804-cvtres.write.1.tlog
D:\Kinect\摄像头显示demo\Win32Project2\Debug\link.5804-rc.read.1.tlog
D:\Kinect\摄像头显示demo\Win32Project2\Debug\link.5804-rc.write.1.tlog
D:\Kinect\摄像头显示demo\Win32Project2\Debug\link.5804.read.1.tlog
D:\Kinect\摄像头显示demo\Win32Project2\Debug\link.5804.write.1.tlog
D:\Kinect\摄像头显示demo\Win32Project2\Debug\link.command.1.tlog
D:\Kinect\摄像头显示demo\Win32Project2\Debug\link.read.1.tlog
D:\Kinect\摄像头显示demo\Win32Project2\Debug\link.write.1.tlog
D:\Kinect\摄像头显示demo\Win32Project2\Debug\vc110.idb
D:\Kinect\摄像头显示demo\Win32Project2\Debug\vc110.pdb
D:\Kinect\摄像头显示demo\Debug\Win32Project2.pdb
