D:\KINECT\摄像头显示DEMO\WIN32PROJECT2\RELEASE\源.OBJ
D:\KINECT\摄像头显示DEMO\WIN32PROJECT2\RELEASE\GRAPHUTIL.OBJ
D:\KINECT\摄像头显示DEMO\WIN32PROJECT2\RELEASE\SAMPLECGB.OBJ
D:\KINECT\摄像头显示DEMO\WIN32PROJECT2\RELEASE\LOADGRAPHINGE.OBJ
D:\KINECT\摄像头显示DEMO\WIN32PROJECT2\RELEASE\VC110.PDB
D:\KINECT\摄像头显示DEMO\RELEASE\WIN32PROJECT2.EXE
D:\KINECT\摄像头显示DEMO\RELEASE\WIN32PROJECT2.PDB
D:\Kinect\摄像头显示demo\Win32Project2\Release\GraphUtil.obj
D:\Kinect\摄像头显示demo\Win32Project2\Release\LoadGraphInGE.obj
D:\Kinect\摄像头显示demo\Win32Project2\Release\SampleCGB.obj
D:\Kinect\摄像头显示demo\Win32Project2\Release\源.obj
D:\Kinect\摄像头显示demo\Win32Project2\Release\cl.command.1.tlog
D:\Kinect\摄像头显示demo\Win32Project2\Release\CL.read.1.tlog
D:\Kinect\摄像头显示demo\Win32Project2\Release\CL.write.1.tlog
D:\Kinect\摄像头显示demo\Win32Project2\Release\link-cvtres.read.1.tlog
D:\Kinect\摄像头显示demo\Win32Project2\Release\link-cvtres.write.1.tlog
D:\Kinect\摄像头显示demo\Win32Project2\Release\link-rc.read.1.tlog
D:\Kinect\摄像头显示demo\Win32Project2\Release\link-rc.write.1.tlog
D:\Kinect\摄像头显示demo\Win32Project2\Release\link.command.1.tlog
D:\Kinect\摄像头显示demo\Win32Project2\Release\link.read.1.tlog
D:\Kinect\摄像头显示demo\Win32Project2\Release\link.write.1.tlog
D:\Kinect\摄像头显示demo\Win32Project2\Release\vc110.pdb
D:\Kinect\摄像头显示demo\Release\Win32Project2.pdb
D:\Kinect\摄像头显示demo\Release\Win32Project2.exe
