生成启动时间为 2015/12/17 11:35:30。
     1>项目“D:\Kinect\摄像头显示demo\Win32Project2\Win32Project2.vcxproj”在节点 2 上(Build 个目标)。
     1>ClCompile:
         C:\Program Files (x86)\Microsoft Visual Studio 11.0\VC\bin\CL.exe /c /Zi /nologo /W3 /WX- /sdl /O2 /Oi /Oy- /GL /D WIN32 /D NDEBUG /D _WINDOWS /D _UNICODE /D UNICODE /Gm- /EHsc /MD /GS /Gy /fp:precise /Zc:wchar_t /Zc:forScope /Fo"Release\\" /Fd"Release\vc110.pdb" /Gd /TP /analyze- /errorReport:prompt "源.cpp"
         源.cpp
       Link:
         C:\Program Files (x86)\Microsoft Visual Studio 11.0\VC\bin\link.exe /ERRORREPORT:PROMPT /OUT:"D:\Kinect\摄像头显示demo\Release\Win32Project2.exe" /INCREMENTAL:NO /NOLOGO Strmbasd.lib winmm.lib Msacm32.lib kernel32.lib user32.lib gdi32.lib winspool.lib comdlg32.lib advapi32.lib shell32.lib ole32.lib oleaut32.lib uuid.lib odbc32.lib odbccp32.lib /MANIFEST /MANIFESTUAC:"level='asInvoker' uiAccess='false'" /manifest:embed /DEBUG /PDB:"D:\Kinect\摄像头显示demo\Release\Win32Project2.pdb" /SUBSYSTEM:WINDOWS /OPT:REF /OPT:ICF /LTCG /TLBID:1 /DYNAMICBASE /NXCOMPAT /IMPLIB:"D:\Kinect\摄像头显示demo\Release\Win32Project2.lib" /MACHINE:X86 /SAFESEH Release\GraphUtil.obj
         Release\LoadGraphInGE.obj
         Release\SampleCGB.obj
         "Release\源.obj"
     1>Strmbasd.lib(mtype.obj) : warning LNK4075: 忽略“/EDITANDCONTINUE”(由于“/OPT:ICF”规范)
     1>LINK : warning LNK4098: 默认库“MSVCRTD”与其他库的使用冲突；请使用 /NODEFAULTLIB:library
         正在生成代码
         已完成代码的生成
     1>Strmbasd.lib(amvideo.obj) : warning LNK4099: 未找到 PDB“vc110.pdb”(使用“Strmbasd.lib(amvideo.obj)”或在“D:\Kinect\摄像头显示demo\Release\vc110.pdb”中寻找)；正在链接对象，如同没有调试信息一样
     1>Strmbasd.lib(mtype.obj) : warning LNK4099: 未找到 PDB“vc110.pdb”(使用“Strmbasd.lib(mtype.obj)”或在“D:\Kinect\摄像头显示demo\Release\vc110.pdb”中寻找)；正在链接对象，如同没有调试信息一样
     1>Strmbasd.lib(wxdebug.obj) : warning LNK4099: 未找到 PDB“vc110.pdb”(使用“Strmbasd.lib(wxdebug.obj)”或在“D:\Kinect\摄像头显示demo\Release\vc110.pdb”中寻找)；正在链接对象，如同没有调试信息一样
         Win32Project2.vcxproj -> D:\Kinect\摄像头显示demo\Release\Win32Project2.exe
     1>已完成生成项目“D:\Kinect\摄像头显示demo\Win32Project2\Win32Project2.vcxproj”(Build 个目标)的操作。

生成成功。

已用时间 00:00:02.19
